<?xml version="1.0" encoding="UTF-8"?>
<testng-results ignored="0" total="1" passed="1" failed="0" skipped="0">
  <reporter-output>
  </reporter-output>
  <suite started-at="2024-10-01T08:00:57 IST" name="Default suite" finished-at="2024-10-01T08:01:42 IST" duration-ms="44851">
    <groups>
    </groups>
    <test started-at="2024-10-01T08:00:57 IST" name="Default test" finished-at="2024-10-01T08:01:42 IST" duration-ms="44851">
      <class name="selenium.Login_throws">
        <test-method signature="main()[pri:0, instance:selenium.Login_throws@338494fa]" started-at="2024-10-01T08:00:57 IST" name="main" finished-at="2024-10-01T08:01:42 IST" duration-ms="44816" status="PASS">
          <reporter-output>
          </reporter-output>
        </test-method> <!-- main -->
      </class> <!-- selenium.Login_throws -->
    </test> <!-- Default test -->
  </suite> <!-- Default suite -->
</testng-results>
