<?xml version="1.0" encoding="UTF-8"?>
<testng-results ignored="0" total="1" passed="1" failed="0" skipped="0">
  <reporter-output>
  </reporter-output>
  <suite started-at="2023-08-02T08:07:22 IST" name="Default suite" finished-at="2023-08-02T08:08:02 IST" duration-ms="39200">
    <groups>
    </groups>
    <test started-at="2023-08-02T08:07:22 IST" name="Default test" finished-at="2023-08-02T08:08:02 IST" duration-ms="39200">
      <class name="selenium.Login_throws">
        <test-method signature="main()[pri:0, instance:selenium.Login_throws@b78a709]" started-at="2023-08-02T08:07:22 IST" name="main" finished-at="2023-08-02T08:08:02 IST" duration-ms="39160" status="PASS">
          <reporter-output>
          </reporter-output>
        </test-method> <!-- main -->
      </class> <!-- selenium.Login_throws -->
    </test> <!-- Default test -->
  </suite> <!-- Default suite -->
</testng-results>
